<?xml version="1.0" encoding="UTF-8"?>
<testsuite name="com.mindex.challenge.service.impl.EmployeeServiceImplTest" tests="1" skipped="0" failures="0" errors="0" timestamp="2023-04-03T20:53:50" hostname="Adams-MBP" time="0.173">
  <properties/>
  <testcase name="testCreateReadUpdate" classname="com.mindex.challenge.service.impl.EmployeeServiceImplTest" time="0.173"/>
  <system-out><![CDATA[2023-04-03 16:53:49.763  INFO 16415 --- [    Test worker] .b.t.c.SpringBootTestContextBootstrapper : Neither @ContextConfiguration nor @ContextHierarchy found for test class [com.mindex.challenge.service.impl.EmployeeServiceImplTest], using SpringBootContextLoader
2023-04-03 16:53:49.765  INFO 16415 --- [    Test worker] o.s.t.c.support.AbstractContextLoader    : Could not detect default resource locations for test class [com.mindex.challenge.service.impl.EmployeeServiceImplTest]: no resource found for suffixes {-context.xml, Context.groovy}.
2023-04-03 16:53:49.766  INFO 16415 --- [    Test worker] t.c.s.AnnotationConfigContextLoaderUtils : Could not detect default configuration classes for test class [com.mindex.challenge.service.impl.EmployeeServiceImplTest]: EmployeeServiceImplTest does not declare any static, non-private, non-final, nested classes annotated with @Configuration.
2023-04-03 16:53:49.772  INFO 16415 --- [    Test worker] .b.t.c.SpringBootTestContextBootstrapper : Found @SpringBootConfiguration com.mindex.challenge.ChallengeApplication for test class com.mindex.challenge.service.impl.EmployeeServiceImplTest
2023-04-03 16:53:49.774  INFO 16415 --- [    Test worker] .b.t.c.SpringBootTestContextBootstrapper : Loaded default TestExecutionListener class names from location [META-INF/spring.factories]: [org.springframework.boot.test.autoconfigure.restdocs.RestDocsTestExecutionListener, org.springframework.boot.test.autoconfigure.web.client.MockRestServiceServerResetTestExecutionListener, org.springframework.boot.test.autoconfigure.web.servlet.MockMvcPrintOnlyOnFailureTestExecutionListener, org.springframework.boot.test.autoconfigure.web.servlet.WebDriverTestExecutionListener, org.springframework.boot.test.mock.mockito.MockitoTestExecutionListener, org.springframework.boot.test.mock.mockito.ResetMocksTestExecutionListener, org.springframework.test.context.web.ServletTestExecutionListener, org.springframework.test.context.support.DirtiesContextBeforeModesTestExecutionListener, org.springframework.test.context.support.DependencyInjectionTestExecutionListener, org.springframework.test.context.support.DirtiesContextTestExecutionListener, org.springframework.test.context.transaction.TransactionalTestExecutionListener, org.springframework.test.context.jdbc.SqlScriptsTestExecutionListener, org.springframework.test.context.event.EventPublishingTestExecutionListener]
2023-04-03 16:53:49.774  INFO 16415 --- [    Test worker] .b.t.c.SpringBootTestContextBootstrapper : Using TestExecutionListeners: [org.springframework.test.context.web.ServletTestExecutionListener@3576ab97, org.springframework.test.context.support.DirtiesContextBeforeModesTestExecutionListener@24021e24, org.springframework.boot.test.mock.mockito.MockitoTestExecutionListener@1e79e454, org.springframework.boot.test.autoconfigure.SpringBootDependencyInjectionTestExecutionListener@6a4cbf01, org.springframework.test.context.support.DirtiesContextTestExecutionListener@6a668bcc, org.springframework.test.context.transaction.TransactionalTestExecutionListener@5ea14b9a, org.springframework.test.context.jdbc.SqlScriptsTestExecutionListener@f2b5f5e, org.springframework.test.context.event.EventPublishingTestExecutionListener@904d0d, org.springframework.boot.test.autoconfigure.restdocs.RestDocsTestExecutionListener@5ef68e38, org.springframework.boot.test.autoconfigure.web.client.MockRestServiceServerResetTestExecutionListener@a5ff3e7, org.springframework.boot.test.autoconfigure.web.servlet.MockMvcPrintOnlyOnFailureTestExecutionListener@5f5b9c5d, org.springframework.boot.test.autoconfigure.web.servlet.WebDriverTestExecutionListener@5da14a9e, org.springframework.boot.test.mock.mockito.ResetMocksTestExecutionListener@374c885c]

  .   ____          _            __ _ _
 /\\ / ___'_ __ _ _(_)_ __  __ _ \ \ \ \
( ( )\___ | '_ | '_| | '_ \/ _` | \ \ \ \
 \\/  ___)| |_)| | | | | || (_| |  ) ) ) )
  '  |____| .__|_| |_|_| |_\__, | / / / /
 =========|_|==============|___/=/_/_/_/
 :: Spring Boot ::        (v2.2.0.RELEASE)

2023-04-03 16:53:49.798  INFO 16415 --- [    Test worker] c.m.c.s.impl.EmployeeServiceImplTest     : Starting EmployeeServiceImplTest on Adams-MBP with PID 16415 (started by adamsheelar in /Users/adamsheelar/Downloads/mindex-java-code-challenge)
2023-04-03 16:53:49.799 DEBUG 16415 --- [    Test worker] c.m.c.s.impl.EmployeeServiceImplTest     : Running with Spring Boot v2.2.0.RELEASE, Spring v5.2.0.RELEASE
2023-04-03 16:53:49.800  INFO 16415 --- [    Test worker] c.m.c.s.impl.EmployeeServiceImplTest     : No active profile set, falling back to default profiles: default
2023-04-03 16:53:49.889  INFO 16415 --- [    Test worker] .s.d.r.c.RepositoryConfigurationDelegate : Bootstrapping Spring Data repositories in DEFAULT mode.
2023-04-03 16:53:49.894  INFO 16415 --- [    Test worker] .s.d.r.c.RepositoryConfigurationDelegate : Finished Spring Data repository scanning in 4ms. Found 2 repository interfaces.
2023-04-03 16:53:50.101  INFO 16415 --- [    Test worker] o.s.b.w.embedded.tomcat.TomcatWebServer  : Tomcat initialized with port(s): 0 (http)
2023-04-03 16:53:50.111  INFO 16415 --- [    Test worker] o.apache.catalina.core.StandardService   : Starting service [Tomcat]
2023-04-03 16:53:50.111  INFO 16415 --- [    Test worker] org.apache.catalina.core.StandardEngine  : Starting Servlet engine: [Apache Tomcat/9.0.27]
2023-04-03 16:53:50.192  INFO 16415 --- [    Test worker] o.a.c.c.C.[Tomcat].[localhost].[/]       : Initializing Spring embedded WebApplicationContext
2023-04-03 16:53:50.192  INFO 16415 --- [    Test worker] o.s.web.context.ContextLoader            : Root WebApplicationContext: initialization completed in 390 ms
2023-04-03 16:53:50.301  INFO 16415 --- [    Test worker] de.bwaldvogel.mongo.MongoServer          : started MongoServer(port: 50914, ssl: false)
2023-04-03 16:53:50.303  INFO 16415 --- [    Test worker] org.mongodb.driver.cluster               : Cluster created with settings {hosts=[127.0.0.1:50914], mode=SINGLE, requiredClusterType=UNKNOWN, serverSelectionTimeout='30000 ms', maxWaitQueueSize=500}
2023-04-03 16:53:50.307  INFO 16415 --- [-server-worker1] d.b.mongo.wire.MongoWireProtocolHandler  : client [id: 0xe2ace115, L:/127.0.0.1:50914 - R:/127.0.0.1:50915] connected
2023-04-03 16:53:50.309  INFO 16415 --- [127.0.0.1:50914] org.mongodb.driver.connection            : Opened connection [connectionId{localValue:3}] to 127.0.0.1:50914
2023-04-03 16:53:50.310  INFO 16415 --- [127.0.0.1:50914] org.mongodb.driver.cluster               : Monitor thread successfully connected to server with description ServerDescription{address=127.0.0.1:50914, type=STANDALONE, state=CONNECTED, ok=true, version=ServerVersion{versionList=[3, 0, 0]}, minWireVersion=0, maxWireVersion=2, maxDocumentSize=16777216, logicalSessionTimeoutMinutes=null, roundTripTimeNanos=640110}
2023-04-03 16:53:50.315  WARN 16415 --- [    Test worker] o.s.data.convert.CustomConversions       : Registering converter from class java.time.LocalDateTime to class java.time.Instant as reading converter although it doesn't convert from a store-supported type! You might wanna check you annotation setup at the converter implementation.
2023-04-03 16:53:50.315  WARN 16415 --- [    Test worker] o.s.data.convert.CustomConversions       : Registering converter from class java.time.Instant to class java.time.LocalDateTime as reading converter although it doesn't convert from a store-supported type! You might wanna check you annotation setup at the converter implementation.
2023-04-03 16:53:50.316  WARN 16415 --- [    Test worker] o.s.data.convert.CustomConversions       : Registering converter from class java.time.LocalDateTime to class java.time.Instant as reading converter although it doesn't convert from a store-supported type! You might wanna check you annotation setup at the converter implementation.
2023-04-03 16:53:50.317  WARN 16415 --- [    Test worker] o.s.data.convert.CustomConversions       : Registering converter from class java.time.Instant to class java.time.LocalDateTime as reading converter although it doesn't convert from a store-supported type! You might wanna check you annotation setup at the converter implementation.
2023-04-03 16:53:50.362  INFO 16415 --- [-server-worker2] d.b.mongo.wire.MongoWireProtocolHandler  : client [id: 0x7c81cfb8, L:/127.0.0.1:50914 - R:/127.0.0.1:50916] connected
2023-04-03 16:53:50.370  INFO 16415 --- [    Test worker] org.mongodb.driver.connection            : Opened connection [connectionId{localValue:4}] to 127.0.0.1:50914
2023-04-03 16:53:50.370  INFO 16415 --- [-server-worker2] d.b.mongo.backend.AbstractMongoBackend   : created database test
2023-04-03 16:53:50.371  INFO 16415 --- [-server-worker2] d.b.mongo.backend.AbstractMongoDatabase  : adding unique _id index for collection employee
2023-04-03 16:53:50.371  INFO 16415 --- [-server-worker2] d.b.mongo.backend.AbstractMongoDatabase  : created collection test.employee
2023-04-03 16:53:50.481  INFO 16415 --- [    Test worker] o.s.s.concurrent.ThreadPoolTaskExecutor  : Initializing ExecutorService 'applicationTaskExecutor'
2023-04-03 16:53:50.562  WARN 16415 --- [    Test worker] o.s.data.convert.CustomConversions       : Registering converter from class java.time.LocalDateTime to class java.time.Instant as reading converter although it doesn't convert from a store-supported type! You might wanna check you annotation setup at the converter implementation.
2023-04-03 16:53:50.562  WARN 16415 --- [    Test worker] o.s.data.convert.CustomConversions       : Registering converter from class java.time.Instant to class java.time.LocalDateTime as reading converter although it doesn't convert from a store-supported type! You might wanna check you annotation setup at the converter implementation.
2023-04-03 16:53:50.573  WARN 16415 --- [    Test worker] o.s.data.convert.CustomConversions       : Registering converter from class java.time.LocalDateTime to class java.time.Instant as reading converter although it doesn't convert from a store-supported type! You might wanna check you annotation setup at the converter implementation.
2023-04-03 16:53:50.573  WARN 16415 --- [    Test worker] o.s.data.convert.CustomConversions       : Registering converter from class java.time.Instant to class java.time.LocalDateTime as reading converter although it doesn't convert from a store-supported type! You might wanna check you annotation setup at the converter implementation.
2023-04-03 16:53:50.629  INFO 16415 --- [    Test worker] o.s.b.w.embedded.tomcat.TomcatWebServer  : Tomcat started on port(s): 50917 (http) with context path ''
2023-04-03 16:53:50.630  INFO 16415 --- [    Test worker] c.m.c.s.impl.EmployeeServiceImplTest     : Started EmployeeServiceImplTest in 0.853 seconds (JVM running for 5.036)
2023-04-03 16:53:50.741  INFO 16415 --- [o-auto-1-exec-1] o.a.c.c.C.[Tomcat].[localhost].[/]       : Initializing Spring DispatcherServlet 'dispatcherServlet'
2023-04-03 16:53:50.741  INFO 16415 --- [o-auto-1-exec-1] o.s.web.servlet.DispatcherServlet        : Initializing Servlet 'dispatcherServlet'
2023-04-03 16:53:50.757  INFO 16415 --- [o-auto-1-exec-1] o.s.web.servlet.DispatcherServlet        : Completed initialization in 16 ms
2023-04-03 16:53:50.782 DEBUG 16415 --- [o-auto-1-exec-1] c.m.c.controller.EmployeeController      : Received employee create request for [com.mindex.challenge.data.Employee@41317d18]
2023-04-03 16:53:50.782 DEBUG 16415 --- [o-auto-1-exec-1] c.m.c.service.impl.EmployeeServiceImpl   : Creating employee [com.mindex.challenge.data.Employee@41317d18]
2023-04-03 16:53:50.801 DEBUG 16415 --- [o-auto-1-exec-2] c.m.c.controller.EmployeeController      : Received employee create request for id [88d2b070-61c1-4a93-8264-05d254d12865]
2023-04-03 16:53:50.801 DEBUG 16415 --- [o-auto-1-exec-2] c.m.c.service.impl.EmployeeServiceImpl   : Creating employee with id [88d2b070-61c1-4a93-8264-05d254d12865]
2023-04-03 16:53:50.807 DEBUG 16415 --- [o-auto-1-exec-3] c.m.c.controller.EmployeeController      : Received employee create request for id [88d2b070-61c1-4a93-8264-05d254d12865] and employee [com.mindex.challenge.data.Employee@209a159f]
2023-04-03 16:53:50.807 DEBUG 16415 --- [o-auto-1-exec-3] c.m.c.service.impl.EmployeeServiceImpl   : Updating employee [com.mindex.challenge.data.Employee@209a159f]
]]></system-out>
  <system-err><![CDATA[]]></system-err>
</testsuite>
