<?xml version="1.0" encoding="UTF-8"?>
<testsuite name="com.mindex.challenge.ChallengeApplicationTests" tests="1" skipped="0" failures="0" errors="0" timestamp="2023-04-03T20:53:50" hostname="Adams-MBP" time="0.002">
  <properties/>
  <testcase name="contextLoads" classname="com.mindex.challenge.ChallengeApplicationTests" time="0.002"/>
  <system-out><![CDATA[2023-04-03 16:53:50.813  INFO 16415 --- [    Test worker] .b.t.c.SpringBootTestContextBootstrapper : Neither @ContextConfiguration nor @ContextHierarchy found for test class [com.mindex.challenge.ChallengeApplicationTests], using SpringBootContextLoader
2023-04-03 16:53:50.813  INFO 16415 --- [    Test worker] o.s.t.c.support.AbstractContextLoader    : Could not detect default resource locations for test class [com.mindex.challenge.ChallengeApplicationTests]: no resource found for suffixes {-context.xml, Context.groovy}.
2023-04-03 16:53:50.814  INFO 16415 --- [    Test worker] t.c.s.AnnotationConfigContextLoaderUtils : Could not detect default configuration classes for test class [com.mindex.challenge.ChallengeApplicationTests]: ChallengeApplicationTests does not declare any static, non-private, non-final, nested classes annotated with @Configuration.
2023-04-03 16:53:50.815  INFO 16415 --- [    Test worker] .b.t.c.SpringBootTestContextBootstrapper : Found @SpringBootConfiguration com.mindex.challenge.ChallengeApplication for test class com.mindex.challenge.ChallengeApplicationTests
2023-04-03 16:53:50.816  INFO 16415 --- [    Test worker] .b.t.c.SpringBootTestContextBootstrapper : Loaded default TestExecutionListener class names from location [META-INF/spring.factories]: [org.springframework.boot.test.autoconfigure.restdocs.RestDocsTestExecutionListener, org.springframework.boot.test.autoconfigure.web.client.MockRestServiceServerResetTestExecutionListener, org.springframework.boot.test.autoconfigure.web.servlet.MockMvcPrintOnlyOnFailureTestExecutionListener, org.springframework.boot.test.autoconfigure.web.servlet.WebDriverTestExecutionListener, org.springframework.boot.test.mock.mockito.MockitoTestExecutionListener, org.springframework.boot.test.mock.mockito.ResetMocksTestExecutionListener, org.springframework.test.context.web.ServletTestExecutionListener, org.springframework.test.context.support.DirtiesContextBeforeModesTestExecutionListener, org.springframework.test.context.support.DependencyInjectionTestExecutionListener, org.springframework.test.context.support.DirtiesContextTestExecutionListener, org.springframework.test.context.transaction.TransactionalTestExecutionListener, org.springframework.test.context.jdbc.SqlScriptsTestExecutionListener, org.springframework.test.context.event.EventPublishingTestExecutionListener]
2023-04-03 16:53:50.816  INFO 16415 --- [    Test worker] .b.t.c.SpringBootTestContextBootstrapper : Using TestExecutionListeners: [org.springframework.test.context.web.ServletTestExecutionListener@1e164c4e, org.springframework.test.context.support.DirtiesContextBeforeModesTestExecutionListener@606ec607, org.springframework.boot.test.mock.mockito.MockitoTestExecutionListener@595bc95e, org.springframework.boot.test.autoconfigure.SpringBootDependencyInjectionTestExecutionListener@713386a8, org.springframework.test.context.support.DirtiesContextTestExecutionListener@5debc0fc, org.springframework.test.context.transaction.TransactionalTestExecutionListener@4ba37bb8, org.springframework.test.context.jdbc.SqlScriptsTestExecutionListener@4cb54aab, org.springframework.test.context.event.EventPublishingTestExecutionListener@215e9353, org.springframework.boot.test.autoconfigure.restdocs.RestDocsTestExecutionListener@22315ba4, org.springframework.boot.test.autoconfigure.web.client.MockRestServiceServerResetTestExecutionListener@729f8ae1, org.springframework.boot.test.autoconfigure.web.servlet.MockMvcPrintOnlyOnFailureTestExecutionListener@1419760b, org.springframework.boot.test.autoconfigure.web.servlet.WebDriverTestExecutionListener@4108bbd0, org.springframework.boot.test.mock.mockito.ResetMocksTestExecutionListener@69cc342e]
]]></system-out>
  <system-err><![CDATA[]]></system-err>
</testsuite>
